C51 COMPILER V9.59.0.0   BSP_LED                                                           10/08/2018 09:59:52 PAGE 1   


C51 COMPILER V9.59.0.0, COMPILATION OF MODULE BSP_LED
OBJECT MODULE PLACED IN .\Objects\bsp_led.obj
COMPILER INVOKED BY: D:\keil4\C51\BIN\C51.EXE ..\bsp\bsp_led.c OPTIMIZE(8,SPEED) BROWSE INCDIR(..\bsp;..\lib;..\user) DE
                    -BUG OBJECTEXTEND PRINT(.\Listings\bsp_led.lst) TABS(2) OBJECT(.\Objects\bsp_led.obj)

line level    source

   1          #include "bsp_led.h"
   2          
   3          unsigned char Led_Init(unsigned char ID)
   4          {
   5   1        if(ID == 0)
   6   1        {
   7   2          P2CON |= 0X02;
   8   2          P2PH  &= ~0X02;
   9   2        }
  10   1        else if(ID == 1)
  11   1        {
  12   2          P2CON |= 0X40;
  13   2          P2PH  &= ~0X40;
  14   2        }
  15   1        else if(ID == 2)
  16   1        {
  17   2          P2CON |= 0X80;
  18   2          P2PH  &= ~0X80;
  19   2        }
  20   1        else
  21   1        {
  22   2          return 0;
  23   2        }
  24   1        return 1;
  25   1      }
  26          
  27          unsigned char Led_App_Init(LED_PARA_T *p)
  28          {
  29   1        unsigned char Led_Init(unsigned char ID);
  30   1        return Led_Init(p->ID);
  31   1      }
  32          
  33          
  34          
  35          


MODULE INFORMATION:   STATIC OVERLAYABLE
   CODE SIZE        =     55    ----
   CONSTANT SIZE    =   ----    ----
   XDATA SIZE       =   ----    ----
   PDATA SIZE       =   ----    ----
   DATA SIZE        =   ----    ----
   IDATA SIZE       =   ----    ----
   BIT SIZE         =   ----    ----
END OF MODULE INFORMATION.


C51 COMPILATION COMPLETE.  0 WARNING(S),  0 ERROR(S)
