C51 COMPILER V9.59.0.0   SYSTEM                                                            10/08/2018 15:19:59 PAGE 1   


C51 COMPILER V9.59.0.0, COMPILATION OF MODULE SYSTEM
OBJECT MODULE PLACED IN .\Objects\system.obj
COMPILER INVOKED BY: D:\keil4\C51\BIN\C51.EXE ..\user\system.c OPTIMIZE(8,SPEED) BROWSE INCDIR(..\bsp;..\lib;..\user) DE
                    -BUG OBJECTEXTEND PRINT(.\Listings\system.lst) TABS(2) OBJECT(.\Objects\system.obj)

line level    source

   1          #include "system.h"
   2          
   3          LED_PARA_T Led_Para_t[LED_NUM];
   4          TIMEOUT_PARA TimeOut_Para[2];
   5          static unsigned char cnt;
   6          void System_Init(void)
   7          {
   8   1        static unsigned char i;
   9   1        for(i = 0;i < LED_NUM;i++)
  10   1        {
  11   2          Led_Para_t[i].ID = i;
  12   2          Led_App_Init(&Led_Para_t[i]);
  13   2        }
  14   1        TimeOutDet_Init();
  15   1        Timer_Init();
  16   1      }
  17          
  18          void System_Handle(void)
  19          {
  20   1        
  21   1        #if 1
  22   1        if(TimeOutDet_Check(&TimeOut_Para[0]))
  23   1        {
  24   2          TimeOut_Record(&TimeOut_Para[0],OnLine_Time);
  25   2          ++ cnt;
  26   2          if(cnt & 0x01)
  27   2          {
  28   3            Pwm1_Open(PWM1_OPEN);
  29   3            Pwm2_Close(PWM2_CLOSE);
  30   3            
  31   3          }
  32   2          else
  33   2          {
  34   3            Pwm1_Close(PWM1_CLOSE);
  35   3            Pwm2_Open(PWM2_OPEN);
  36   3            
  37   3          }
  38   2        }
  39   1        #endif
  40   1      }
  41          
  42          


MODULE INFORMATION:   STATIC OVERLAYABLE
   CODE SIZE        =     94    ----
   CONSTANT SIZE    =   ----    ----
   XDATA SIZE       =   ----    ----
   PDATA SIZE       =   ----    ----
   DATA SIZE        =     13    ----
   IDATA SIZE       =   ----    ----
   BIT SIZE         =   ----    ----
END OF MODULE INFORMATION.


C51 COMPILATION COMPLETE.  0 WARNING(S),  0 ERROR(S)
